Detecting compiler hash for triplet x64-linux...
All requested packages are currently installed.
Total install time: 310 ns
box2d provides CMake targets:

  # this is heuristically generated, and may not be correct
  find_package(box2d CONFIG REQUIRED)
  target_link_libraries(main PRIVATE box2d::box2d)

pugixml provides CMake targets:

  # this is heuristically generated, and may not be correct
  find_package(pugixml CONFIG REQUIRED)
  target_link_libraries(main PRIVATE pugixml::static pugixml::pugixml)

pugixml provides pkg-config modules:

    # Light-weight, simple and fast XML parser for C++ with XPath support.
    pugixml

sdl2 provides CMake targets:

    find_package(SDL2 CONFIG REQUIRED)
    target_link_libraries(main
        PRIVATE
        $<TARGET_NAME_IF_EXISTS:SDL2::SDL2main>
        $<IF:$<TARGET_EXISTS:SDL2::SDL2>,SDL2::SDL2,SDL2::SDL2-static>
    )

sdl2-image provides CMake targets:

    find_package(SDL2_image CONFIG REQUIRED)
    target_link_libraries(main PRIVATE $<IF:$<TARGET_EXISTS:SDL2_image::SDL2_image>,SDL2_image::SDL2_image,SDL2_image::SDL2_image-static>)

sdl2-mixer provides CMake targets:

    find_package(SDL2_mixer CONFIG REQUIRED)
    target_link_libraries(main PRIVATE $<IF:$<TARGET_EXISTS:SDL2_mixer::SDL2_mixer>,SDL2_mixer::SDL2_mixer,SDL2_mixer::SDL2_mixer-static>)

sdl2-ttf provides CMake targets:

    find_package(SDL2_ttf CONFIG REQUIRED)
    target_link_libraries(main PRIVATE $<IF:$<TARGET_EXISTS:SDL2_ttf::SDL2_ttf>,SDL2_ttf::SDL2_ttf,SDL2_ttf::SDL2_ttf-static>)

